Dimensions:	(1.000000, 1.000000, 1.000000)
Periodic:	(True, False, True)
Total fibre count = 7732
Original fibre count = 1200
Crosslink fibre count = 6532
Total node count = 11088
Internal node count = 8688
Boundary node count = 657
Dangling node count = 1743
Segment length min = 0.020009
Segment length max = 0.245685
Segment length avg = 0.050170
Crosslink length min = 0.020003
Crosslink length max = 0.058398
Crosslink length avg = 0.034812
Number of crosslinks per fibre min = 3
Number of crosslinks per fibre max = 14
Number of crosslinks per fibre avg = 7.787500
Total boundary crosslinks = 0
--------------------------
-- NODE ------------------
--------------------------
Node ID = 5595

Fibre ID = 178
No. of nodes = 13
No. of segs = 12
End 356 has type 1
End 357 has type 2

Nodes = [356, 5595, 5599, 3245, 5605, 5593, 5613, 5601, 5603, 5592, 5608, 5590, 357]
Seg = [0.03221, 0.04617, 0.0578, 0.0383, 0.03109, 0.0382, 0.04216, 0.04381, 0.02142, 0.02944, 0.05208, 0.02587]
Seg avg = 0.0382
1/l =[31.05, 21.66, 17.3, 26.11, 32.16, 26.18, 23.72, 22.83, 46.69, 33.97, 19.2, 38.65]
1/l avg = 28.2933
1/l**3 = [29920.0, 10160.0, 5179.0, 17800.0, 33280.0, 17940.0, 13340.0, 11890.0, 101800.0, 39190.0, 7079.0, 57760.0]
1/l**3 avg = 28778.1667

Fibre ID = 3217
No. of nodes = 2
No. of segs = 1
End 5595 has type 0
End 5596 has type 0

Nodes = [5595, 5596]
Seg = [0.02852]
Seg avg = 0.0285
1/l =[35.06]
1/l avg = 35.0600
1/l**3 = [43110.0]
1/l**3 avg = 43110.0000

Fibre ID = 3218
No. of nodes = 2
No. of segs = 1
End 5595 has type 0
End 5597 has type 0

Nodes = [5595, 5597]
Seg = [0.02867]
Seg avg = 0.0287
1/l =[34.88]
1/l avg = 34.8800
1/l**3 = [42430.0]
1/l**3 avg = 42430.0000

Fibre ID = 3219
No. of nodes = 2
No. of segs = 1
End 5595 has type 0
End 5598 has type 0

Nodes = [5595, 5598]
Seg = [0.05008]
Seg avg = 0.0501
1/l =[19.97]
1/l avg = 19.9700
1/l**3 = [7962.0]
1/l**3 avg = 7962.0000

--------------------------
-- NODE ------------------
--------------------------
Node ID = 10245

Fibre ID = 688
No. of nodes = 7
No. of segs = 6
End 1376 has type 2
End 1377 has type 1

Nodes = [1376, 9577, 6528, 10245, 10241, 10242, 1377]
Seg = [0.03994, 0.05283, 0.03839, 0.07909, 0.03868, 0.05488]
Seg avg = 0.0506
1/l =[25.04, 18.93, 26.05, 12.64, 25.85, 18.22]
1/l avg = 21.1217
1/l**3 = [15700.0, 6782.0, 17670.0, 2021.0, 17280.0, 6050.0]
1/l**3 avg = 10917.1667

Fibre ID = 6827
No. of nodes = 2
No. of segs = 1
End 10245 has type 0
End 1850 has type 2

Nodes = [10245, 1850]
Seg = [0.04201]
Seg avg = 0.0420
1/l =[23.8]
1/l avg = 23.8000
1/l**3 = [13490.0]
1/l**3 avg = 13490.0000

