Dimensions:	(1.000000, 1.000000, 1.000000)
Periodic:	(True, False, True)
Total fibre count = 7732
Original fibre count = 1200
Crosslink fibre count = 6532
Total node count = 11088
Internal node count = 8688
Boundary node count = 657
Dangling node count = 1743
Segment length min = 0.020009
Segment length max = 0.245685
Segment length avg = 0.050170
Crosslink length min = 0.020003
Crosslink length max = 0.058398
Crosslink length avg = 0.034812
Number of crosslinks per fibre min = 3
Number of crosslinks per fibre max = 14
Number of crosslinks per fibre avg = 7.787500
Total boundary crosslinks = 0
--------------------------
-- NODE ------------------
--------------------------
Node ID = 5697

Fibre ID = 1050
No. of nodes = 11
No. of segs = 10
End 2100 has type 1
End 2101 has type 1

Nodes = [2100, 10903, 9105, 9808, 2462, 11018, 9667, 5467, 5697, 10822, 2101]
Seg = [0.03301, 0.02893, 0.03661, 0.08918, 0.07547, 0.03649, 0.05405, 0.02002, 0.05723, 0.06903]
Seg avg = 0.0500
1/l =[30.29, 34.57, 27.31, 11.21, 13.25, 27.4, 18.5, 49.95, 17.47, 14.49]
1/l avg = 24.4440
1/l**3 = [27800.0, 41300.0, 20380.0, 1410.0, 2326.0, 20580.0, 6333.0, 124600.0, 5335.0, 3040.0]
1/l**3 avg = 25310.4000

Fibre ID = 3292
No. of nodes = 2
No. of segs = 1
End 5696 has type 0
End 5697 has type 0

Nodes = [5696, 5697]
Seg = [0.02344]
Seg avg = 0.0234
1/l =[42.66]
1/l avg = 42.6600
1/l**3 = [77650.0]
1/l**3 avg = 77650.0000

Fibre ID = 6093
No. of nodes = 2
No. of segs = 1
End 9437 has type 0
End 5697 has type 0

Nodes = [9437, 5697]
Seg = [0.03902]
Seg avg = 0.0390
1/l =[25.63]
1/l avg = 25.6300
1/l**3 = [16830.0]
1/l**3 avg = 16830.0000

--------------------------
-- NODE ------------------
--------------------------
Node ID = 10347

Fibre ID = 863
No. of nodes = 10
No. of segs = 9
End 1726 has type 2
End 1727 has type 1

Nodes = [1726, 8275, 10347, 7995, 4243, 9776, 6531, 7804, 10772, 1727]
Seg = [0.02366, 0.03137, 0.02682, 0.04576, 0.03566, 0.1027, 0.05139, 0.02294, 0.02045]
Seg avg = 0.0401
1/l =[42.27, 31.88, 37.29, 21.85, 28.04, 9.737, 19.46, 43.59, 48.9]
1/l avg = 31.4463
1/l**3 = [75500.0, 32390.0, 51840.0, 10440.0, 22050.0, 923.2, 7368.0, 82840.0, 116900.0]
1/l**3 avg = 44472.3556

Fibre ID = 6927
No. of nodes = 2
No. of segs = 1
End 10346 has type 0
End 10347 has type 0

Nodes = [10346, 10347]
Seg = [0.03319]
Seg avg = 0.0332
1/l =[30.13]
1/l avg = 30.1300
1/l**3 = [27350.0]
1/l**3 avg = 27350.0000

