Dimensions:	(1.000000, 1.000000, 1.000000)
Periodic:	(True, False, True)
Total fibre count = 7732
Original fibre count = 1200
Crosslink fibre count = 6532
Total node count = 11088
Internal node count = 8688
Boundary node count = 657
Dangling node count = 1743
Segment length min = 0.020009
Segment length max = 0.245685
Segment length avg = 0.050170
Crosslink length min = 0.020003
Crosslink length max = 0.058398
Crosslink length avg = 0.034812
Number of crosslinks per fibre min = 3
Number of crosslinks per fibre max = 14
Number of crosslinks per fibre avg = 7.787500
Total boundary crosslinks = 0
Node ID = 6577
Fibre ID = 249
Node IDs are:
	[498, 6583, 6575, 6581, 6579, 6573, 6571, 6577, 499]
Segment lengths are:
	[0.022809667109267504, 0.038808392068051471, 0.046714416387449401, 0.054402987359978658, 0.024832198221059698, 0.028801122512846618, 0.023627282634488454, 0.024117986102492057]
Segment Avg = 0.033014
Fibre ID = 3891
Node IDs are:
	[6577, 6578]
Segment lengths are:
	[0.023698310788746093]
Segment Avg = 0.023698
Node ID = 8361
Fibre ID = 1153
Node IDs are:
	[2306, 8947, 8361, 7952, 7212, 9257, 2307]
Segment lengths are:
	[0.04888314217232765, 0.038179627917123565, 0.024252594917863954, 0.039516348971027154, 0.037431476660692943, 0.063955166929654694]
Segment Avg = 0.042036
Fibre ID = 5219
Node IDs are:
	[7200, 8361]
Segment lengths are:
	[0.048952854249880044]
Segment Avg = 0.048953
